<?xml version="1.0" encoding="UTF-8"?>
<!-- Generated by org.testng.reporters.JUnitReportReporter -->
<testsuite hostname="LAPTOP-SIAA86Q4" failures="0" tests="1" name="DemoTest" time="0.020" errors="0" timestamp="2023-04-26T23:21:51 GMT-04:00" skipped="0">
  <testcase classname="DemoTest" name="Testcase1" time="0.020"/>
  <system-out/>
</testsuite> <!-- DemoTest -->
