<?xml version="1.0" encoding="UTF-8"?>
<!-- Generated by org.testng.reporters.JUnitReportReporter -->
<testsuite hostname="LAPTOP-SIAA86Q4" failures="0" tests="1" name="SampleGitTest" time="0.010" errors="0" timestamp="2023-05-01T15:27:20 GMT-04:00" skipped="0">
  <testcase classname="SampleGitTest" name="SampleGitTest" time="0.010"/>
  <system-out/>
</testsuite> <!-- SampleGitTest -->
