<?xml version="1.0" encoding="UTF-8"?>
<!-- Generated by org.testng.reporters.JUnitReportReporter -->
<testsuite hostname="LAPTOP-SIAA86Q4" failures="0" tests="1" name="Demo2Test" time="0.011" errors="0" timestamp="2023-04-26T23:24:11 GMT-04:00" skipped="0">
  <testcase classname="Demo2Test" name="Testcase2" time="0.011"/>
  <system-out/>
</testsuite> <!-- Demo2Test -->
